[debug] [2021-10-26T14:33:33.240Z] ----------------------------------------------------------------------
[debug] [2021-10-26T14:33:33.244Z] Command:       C:\Program Files\nodejs\node.exe C:\Users\Dearw\AppData\Roaming\npm\node_modules\firebase-tools\lib\bin\firebase.js init
[debug] [2021-10-26T14:33:33.244Z] CLI Version:   9.21.0
[debug] [2021-10-26T14:33:33.245Z] Platform:      win32
[debug] [2021-10-26T14:33:33.245Z] Node Version:  v14.18.0
[debug] [2021-10-26T14:33:33.246Z] Time:          Tue Oct 26 2021 21:33:33 GMT+0700 (Indochina Time)
[debug] [2021-10-26T14:33:33.246Z] ----------------------------------------------------------------------
[debug] 
[debug] [2021-10-26T14:33:33.249Z] >>> [apiv2][query] GET https://firebase-public.firebaseio.com/cli.json [none]
[debug] [2021-10-26T14:33:33.277Z] > command requires scopes: ["email","openid","https://www.googleapis.com/auth/cloudplatformprojects.readonly","https://www.googleapis.com/auth/firebase","https://www.googleapis.com/auth/cloud-platform"]
[debug] [2021-10-26T14:33:33.277Z] > authorizing via signed-in user (naruebes.phudeth@gmail.com)
[info] 
     ######## #### ########  ######## ########     ###     ######  ########
     ##        ##  ##     ## ##       ##     ##  ##   ##  ##       ##
     ######    ##  ########  ######   ########  #########  ######  ######
     ##        ##  ##    ##  ##       ##     ## ##     ##       ## ##
     ##       #### ##     ## ######## ########  ##     ##  ######  ########

You're about to initialize a Firebase project in this directory:

  C:\Users\Dearw\Desktop\web dev\learn-web-portfolio

[debug] [2021-10-26T14:33:34.311Z] <<< [apiv2][status] GET https://firebase-public.firebaseio.com/cli.json 200
[debug] [2021-10-26T14:33:34.311Z] <<< [apiv2][body] GET https://firebase-public.firebaseio.com/cli.json {"cloudBuildErrorAfter":1594252800000,"cloudBuildWarnAfter":1590019200000,"defaultNode10After":1594252800000,"minVersion":"3.0.5","node8DeploysDisabledAfter":1613390400000,"node8RuntimeDisabledAfter":1615809600000,"node8WarnAfter":1600128000000}
